app/build/intermediates/manifest_merge_blame_file/debug/manifest-merger-blame-debug-report.txt
1<?xml version="1.0" encoding="utf-8"?>
2<manifest xmlns:android="http://schemas.android.com/apk/res/android"
3    package="com.ludeldeveloper.restaurantedonrenato"
4    android:versionCode="1"
5    android:versionName="1.0" >
6
7    <uses-sdk
8        android:minSdkVersion="24"
8-->src/main/AndroidManifest.xml
9        android:targetSdkVersion="33" />
9-->src/main/AndroidManifest.xml
10
11    <uses-permission android:name="android.permission.INTERNET" />
11-->src/main/AndroidManifest.xml:5:2-63
11-->src/main/AndroidManifest.xml:5:19-61
12    <uses-permission android:name="android.permission.ACCESS_NETWORK_STATE" />
12-->src/main/AndroidManifest.xml:6:2-75
12-->src/main/AndroidManifest.xml:6:19-73
13    <uses-permission android:name="android.permission.READ_EXTERNAL_STORAGE" />
13-->src/main/AndroidManifest.xml:7:2-76
13-->src/main/AndroidManifest.xml:7:19-74
14    <uses-permission android:name="android.permission.WRITE_EXTERNAL_STORAGE" />
14-->src/main/AndroidManifest.xml:8:2-77
14-->src/main/AndroidManifest.xml:8:19-75
15    <uses-permission android:name="com.google.android.providers.gsf.permission.READ_GSERVICES" />
15-->[com.google.android.recaptcha:recaptcha:18.4.0] AndroidManifest.xml:9:5-98
15-->[com.google.android.recaptcha:recaptcha:18.4.0] AndroidManifest.xml:9:22-95
16
17    <application
17-->src/main/AndroidManifest.xml:9:2-86:16
18        android:allowBackup="true"
18-->src/main/AndroidManifest.xml:10:3-29
19        android:appComponentFactory="androidx.core.app.CoreComponentFactory"
19-->[androidx.core:core:1.2.0] AndroidManifest.xml:24:18-86
20        android:debuggable="true"
21        android:extractNativeLibs="false"
22        android:icon="@drawable/app_icon"
22-->src/main/AndroidManifest.xml:12:3-36
23        android:label="Restaurante Don Renato"
23-->src/main/AndroidManifest.xml:11:3-41
24        android:largeHeap="true"
24-->src/main/AndroidManifest.xml:13:3-27
25        android:testOnly="true"
26        android:theme="@style/AppTheme"
26-->src/main/AndroidManifest.xml:15:3-34
27        android:usesCleartextTraffic="true" >
27-->src/main/AndroidManifest.xml:14:3-38
28        <activity
28-->src/main/AndroidManifest.xml:16:3-29:14
29            android:name="com.ludeldeveloper.restaurantedonrenato.MainActivity"
29-->src/main/AndroidManifest.xml:17:4-32
30            android:configChanges="orientation|screenSize|keyboardHidden|smallestScreenSize|screenLayout"
30-->src/main/AndroidManifest.xml:18:4-97
31            android:exported="true"
31-->src/main/AndroidManifest.xml:21:4-27
32            android:hardwareAccelerated="true"
32-->src/main/AndroidManifest.xml:19:4-38
33            android:screenOrientation="portrait"
33-->src/main/AndroidManifest.xml:23:4-40
34            android:supportsPictureInPicture="true"
34-->src/main/AndroidManifest.xml:20:4-43
35            android:theme="@style/AppTheme.FullScreen"
35-->src/main/AndroidManifest.xml:22:4-46
36            android:windowSoftInputMode="stateHidden" >
36-->src/main/AndroidManifest.xml:24:4-45
37            <intent-filter>
37-->src/main/AndroidManifest.xml:25:4-28:20
38                <action android:name="android.intent.action.MAIN" />
38-->src/main/AndroidManifest.xml:26:5-56
38-->src/main/AndroidManifest.xml:26:13-54
39
40                <category android:name="android.intent.category.LAUNCHER" />
40-->src/main/AndroidManifest.xml:27:5-64
40-->src/main/AndroidManifest.xml:27:15-62
41            </intent-filter>
42        </activity>
43        <activity
43-->src/main/AndroidManifest.xml:30:3-37:47
44            android:name="com.ludeldeveloper.restaurantedonrenato.MenuActivity"
44-->src/main/AndroidManifest.xml:31:4-32
45            android:configChanges="orientation|screenSize|keyboardHidden|smallestScreenSize|screenLayout"
45-->src/main/AndroidManifest.xml:32:4-97
46            android:hardwareAccelerated="true"
46-->src/main/AndroidManifest.xml:33:4-38
47            android:screenOrientation="portrait"
47-->src/main/AndroidManifest.xml:36:4-40
48            android:supportsPictureInPicture="true"
48-->src/main/AndroidManifest.xml:34:4-43
49            android:theme="@style/AppTheme.FullScreen"
49-->src/main/AndroidManifest.xml:35:4-46
50            android:windowSoftInputMode="stateHidden" />
50-->src/main/AndroidManifest.xml:37:4-45
51        <activity
51-->src/main/AndroidManifest.xml:38:3-45:47
52            android:name="com.ludeldeveloper.restaurantedonrenato.LoginActivity"
52-->src/main/AndroidManifest.xml:39:4-33
53            android:configChanges="orientation|screenSize|keyboardHidden|smallestScreenSize|screenLayout"
53-->src/main/AndroidManifest.xml:40:4-97
54            android:hardwareAccelerated="true"
54-->src/main/AndroidManifest.xml:41:4-38
55            android:screenOrientation="portrait"
55-->src/main/AndroidManifest.xml:44:4-40
56            android:supportsPictureInPicture="true"
56-->src/main/AndroidManifest.xml:42:4-43
57            android:theme="@style/AppTheme.FullScreen"
57-->src/main/AndroidManifest.xml:43:4-46
58            android:windowSoftInputMode="stateHidden" />
58-->src/main/AndroidManifest.xml:45:4-45
59        <activity
59-->src/main/AndroidManifest.xml:46:3-53:47
60            android:name="com.ludeldeveloper.restaurantedonrenato.SubirActivity"
60-->src/main/AndroidManifest.xml:47:4-33
61            android:configChanges="orientation|screenSize|keyboardHidden|smallestScreenSize|screenLayout"
61-->src/main/AndroidManifest.xml:48:4-97
62            android:hardwareAccelerated="true"
62-->src/main/AndroidManifest.xml:49:4-38
63            android:screenOrientation="portrait"
63-->src/main/AndroidManifest.xml:52:4-40
64            android:supportsPictureInPicture="true"
64-->src/main/AndroidManifest.xml:50:4-43
65            android:theme="@style/AppTheme.FullScreen"
65-->src/main/AndroidManifest.xml:51:4-46
66            android:windowSoftInputMode="stateHidden" />
66-->src/main/AndroidManifest.xml:53:4-45
67        <activity
67-->src/main/AndroidManifest.xml:54:3-61:47
68            android:name="com.ludeldeveloper.restaurantedonrenato.RecetaActivity"
68-->src/main/AndroidManifest.xml:55:4-34
69            android:configChanges="orientation|screenSize|keyboardHidden|smallestScreenSize|screenLayout"
69-->src/main/AndroidManifest.xml:56:4-97
70            android:hardwareAccelerated="true"
70-->src/main/AndroidManifest.xml:57:4-38
71            android:screenOrientation="portrait"
71-->src/main/AndroidManifest.xml:60:4-40
72            android:supportsPictureInPicture="true"
72-->src/main/AndroidManifest.xml:58:4-43
73            android:theme="@style/AppTheme.FullScreen"
73-->src/main/AndroidManifest.xml:59:4-46
74            android:windowSoftInputMode="stateHidden" />
74-->src/main/AndroidManifest.xml:61:4-45
75
76        <meta-data
76-->src/main/AndroidManifest.xml:62:3-64:59
77            android:name="com.google.android.gms.version"
77-->src/main/AndroidManifest.xml:63:4-49
78            android:value="@integer/google_play_services_version" />
78-->src/main/AndroidManifest.xml:64:4-57
79
80        <provider
80-->src/main/AndroidManifest.xml:65:3-69:29
81            android:name="com.google.firebase.provider.FirebaseInitProvider"
81-->src/main/AndroidManifest.xml:66:4-68
82            android:authorities="com.ludeldeveloper.restaurantedonrenato.firebaseinitprovider"
82-->src/main/AndroidManifest.xml:67:4-86
83            android:directBootAware="true"
83-->[com.google.firebase:firebase-common:21.0.0] AndroidManifest.xml:26:13-43
84            android:exported="false"
84-->src/main/AndroidManifest.xml:68:4-28
85            android:initOrder="100" />
85-->src/main/AndroidManifest.xml:69:4-27
86
87        <service
87-->src/main/AndroidManifest.xml:70:3-82:13
88            android:name="com.google.firebase.components.ComponentDiscoveryService"
88-->src/main/AndroidManifest.xml:71:4-75
89            android:directBootAware="true"
89-->[com.google.firebase:firebase-common:21.0.0] AndroidManifest.xml:32:13-43
90            android:exported="false" >
90-->src/main/AndroidManifest.xml:72:4-28
91            <meta-data
91-->src/main/AndroidManifest.xml:73:4-75:72
92                android:name="com.google.firebase.components:com.google.firebase.auth.FirebaseAuthRegistrar"
92-->src/main/AndroidManifest.xml:74:5-97
93                android:value="com.google.firebase.components.ComponentRegistrar" />
93-->src/main/AndroidManifest.xml:75:5-70
94            <meta-data
94-->src/main/AndroidManifest.xml:76:4-78:72
95                android:name="com.google.firebase.components:com.google.firebase.database.DatabaseRegistrar"
95-->src/main/AndroidManifest.xml:77:5-97
96                android:value="com.google.firebase.components.ComponentRegistrar" />
96-->src/main/AndroidManifest.xml:78:5-70
97            <meta-data
97-->src/main/AndroidManifest.xml:79:4-81:72
98                android:name="com.google.firebase.components:com.google.firebase.storage.StorageRegistrar"
98-->src/main/AndroidManifest.xml:80:5-95
99                android:value="com.google.firebase.components.ComponentRegistrar" />
99-->src/main/AndroidManifest.xml:81:5-70
100            <meta-data
100-->[com.google.firebase:firebase-database:21.0.0] AndroidManifest.xml:29:13-31:85
101                android:name="com.google.firebase.components:com.google.firebase.database.FirebaseDatabaseKtxRegistrar"
101-->[com.google.firebase:firebase-database:21.0.0] AndroidManifest.xml:30:17-120
102                android:value="com.google.firebase.components.ComponentRegistrar" />
102-->[com.google.firebase:firebase-database:21.0.0] AndroidManifest.xml:31:17-82
103            <meta-data
103-->[com.google.firebase:firebase-storage:21.0.0] AndroidManifest.xml:30:13-32:85
104                android:name="com.google.firebase.components:com.google.firebase.storage.FirebaseStorageKtxRegistrar"
104-->[com.google.firebase:firebase-storage:21.0.0] AndroidManifest.xml:31:17-118
105                android:value="com.google.firebase.components.ComponentRegistrar" />
105-->[com.google.firebase:firebase-storage:21.0.0] AndroidManifest.xml:32:17-82
106            <meta-data
106-->[com.google.firebase:firebase-firestore:25.0.0] AndroidManifest.xml:17:13-19:85
107                android:name="com.google.firebase.components:com.google.firebase.firestore.FirebaseFirestoreKtxRegistrar"
107-->[com.google.firebase:firebase-firestore:25.0.0] AndroidManifest.xml:18:17-122
108                android:value="com.google.firebase.components.ComponentRegistrar" />
108-->[com.google.firebase:firebase-firestore:25.0.0] AndroidManifest.xml:19:17-82
109            <meta-data
109-->[com.google.firebase:firebase-firestore:25.0.0] AndroidManifest.xml:20:13-22:85
110                android:name="com.google.firebase.components:com.google.firebase.firestore.FirestoreRegistrar"
110-->[com.google.firebase:firebase-firestore:25.0.0] AndroidManifest.xml:21:17-111
111                android:value="com.google.firebase.components.ComponentRegistrar" />
111-->[com.google.firebase:firebase-firestore:25.0.0] AndroidManifest.xml:22:17-82
112            <meta-data
112-->[com.google.firebase:firebase-appcheck:18.0.0] AndroidManifest.xml:25:13-27:85
113                android:name="com.google.firebase.components:com.google.firebase.appcheck.FirebaseAppCheckKtxRegistrar"
113-->[com.google.firebase:firebase-appcheck:18.0.0] AndroidManifest.xml:26:17-120
114                android:value="com.google.firebase.components.ComponentRegistrar" />
114-->[com.google.firebase:firebase-appcheck:18.0.0] AndroidManifest.xml:27:17-82
115            <meta-data
115-->[com.google.firebase:firebase-appcheck:18.0.0] AndroidManifest.xml:28:13-30:85
116                android:name="com.google.firebase.components:com.google.firebase.appcheck.FirebaseAppCheckRegistrar"
116-->[com.google.firebase:firebase-appcheck:18.0.0] AndroidManifest.xml:29:17-117
117                android:value="com.google.firebase.components.ComponentRegistrar" />
117-->[com.google.firebase:firebase-appcheck:18.0.0] AndroidManifest.xml:30:17-82
118            <meta-data
118-->[com.google.firebase:firebase-common-ktx:21.0.0] AndroidManifest.xml:12:13-14:85
119                android:name="com.google.firebase.components:com.google.firebase.ktx.FirebaseCommonLegacyRegistrar"
119-->[com.google.firebase:firebase-common-ktx:21.0.0] AndroidManifest.xml:13:17-116
120                android:value="com.google.firebase.components.ComponentRegistrar" />
120-->[com.google.firebase:firebase-common-ktx:21.0.0] AndroidManifest.xml:14:17-82
121            <meta-data
121-->[com.google.firebase:firebase-common:21.0.0] AndroidManifest.xml:35:13-37:85
122                android:name="com.google.firebase.components:com.google.firebase.FirebaseCommonKtxRegistrar"
122-->[com.google.firebase:firebase-common:21.0.0] AndroidManifest.xml:36:17-109
123                android:value="com.google.firebase.components.ComponentRegistrar" />
123-->[com.google.firebase:firebase-common:21.0.0] AndroidManifest.xml:37:17-82
124        </service>
125
126        <uses-library
126-->src/main/AndroidManifest.xml:83:3-85:30
127            android:name="org.apache.http.legacy"
127-->src/main/AndroidManifest.xml:84:4-41
128            android:required="false" />
128-->src/main/AndroidManifest.xml:85:4-28
129
130        <activity
130-->[com.google.firebase:firebase-auth:23.0.0] AndroidManifest.xml:29:9-46:20
131            android:name="com.google.firebase.auth.internal.GenericIdpActivity"
131-->[com.google.firebase:firebase-auth:23.0.0] AndroidManifest.xml:30:13-80
132            android:excludeFromRecents="true"
132-->[com.google.firebase:firebase-auth:23.0.0] AndroidManifest.xml:31:13-46
133            android:exported="true"
133-->[com.google.firebase:firebase-auth:23.0.0] AndroidManifest.xml:32:13-36
134            android:launchMode="singleTask"
134-->[com.google.firebase:firebase-auth:23.0.0] AndroidManifest.xml:33:13-44
135            android:theme="@android:style/Theme.Translucent.NoTitleBar" >
135-->[com.google.firebase:firebase-auth:23.0.0] AndroidManifest.xml:34:13-72
136            <intent-filter>
136-->[com.google.firebase:firebase-auth:23.0.0] AndroidManifest.xml:35:13-45:29
137                <action android:name="android.intent.action.VIEW" />
137-->[com.google.firebase:firebase-auth:23.0.0] AndroidManifest.xml:36:17-69
137-->[com.google.firebase:firebase-auth:23.0.0] AndroidManifest.xml:36:25-66
138
139                <category android:name="android.intent.category.DEFAULT" />
139-->[com.google.firebase:firebase-auth:23.0.0] AndroidManifest.xml:38:17-76
139-->[com.google.firebase:firebase-auth:23.0.0] AndroidManifest.xml:38:27-73
140                <category android:name="android.intent.category.BROWSABLE" />
140-->[com.google.firebase:firebase-auth:23.0.0] AndroidManifest.xml:39:17-78
140-->[com.google.firebase:firebase-auth:23.0.0] AndroidManifest.xml:39:27-75
141
142                <data
142-->[com.google.firebase:firebase-auth:23.0.0] AndroidManifest.xml:41:17-44:51
143                    android:host="firebase.auth"
143-->[com.google.firebase:firebase-auth:23.0.0] AndroidManifest.xml:42:21-49
144                    android:path="/"
144-->[com.google.firebase:firebase-auth:23.0.0] AndroidManifest.xml:43:21-37
145                    android:scheme="genericidp" />
145-->[com.google.firebase:firebase-auth:23.0.0] AndroidManifest.xml:44:21-48
146            </intent-filter>
147        </activity>
148        <activity
148-->[com.google.firebase:firebase-auth:23.0.0] AndroidManifest.xml:47:9-64:20
149            android:name="com.google.firebase.auth.internal.RecaptchaActivity"
149-->[com.google.firebase:firebase-auth:23.0.0] AndroidManifest.xml:48:13-79
150            android:excludeFromRecents="true"
150-->[com.google.firebase:firebase-auth:23.0.0] AndroidManifest.xml:49:13-46
151            android:exported="true"
151-->[com.google.firebase:firebase-auth:23.0.0] AndroidManifest.xml:50:13-36
152            android:launchMode="singleTask"
152-->[com.google.firebase:firebase-auth:23.0.0] AndroidManifest.xml:51:13-44
153            android:theme="@android:style/Theme.Translucent.NoTitleBar" >
153-->[com.google.firebase:firebase-auth:23.0.0] AndroidManifest.xml:52:13-72
154            <intent-filter>
154-->[com.google.firebase:firebase-auth:23.0.0] AndroidManifest.xml:53:13-63:29
155                <action android:name="android.intent.action.VIEW" />
155-->[com.google.firebase:firebase-auth:23.0.0] AndroidManifest.xml:36:17-69
155-->[com.google.firebase:firebase-auth:23.0.0] AndroidManifest.xml:36:25-66
156
157                <category android:name="android.intent.category.DEFAULT" />
157-->[com.google.firebase:firebase-auth:23.0.0] AndroidManifest.xml:38:17-76
157-->[com.google.firebase:firebase-auth:23.0.0] AndroidManifest.xml:38:27-73
158                <category android:name="android.intent.category.BROWSABLE" />
158-->[com.google.firebase:firebase-auth:23.0.0] AndroidManifest.xml:39:17-78
158-->[com.google.firebase:firebase-auth:23.0.0] AndroidManifest.xml:39:27-75
159
160                <data
160-->[com.google.firebase:firebase-auth:23.0.0] AndroidManifest.xml:41:17-44:51
161                    android:host="firebase.auth"
161-->[com.google.firebase:firebase-auth:23.0.0] AndroidManifest.xml:42:21-49
162                    android:path="/"
162-->[com.google.firebase:firebase-auth:23.0.0] AndroidManifest.xml:43:21-37
163                    android:scheme="recaptcha" />
163-->[com.google.firebase:firebase-auth:23.0.0] AndroidManifest.xml:44:21-48
164            </intent-filter>
165        </activity>
166
167        <service
167-->[androidx.credentials:credentials-play-services-auth:1.2.0-rc01] AndroidManifest.xml:24:9-32:19
168            android:name="androidx.credentials.playservices.CredentialProviderMetadataHolder"
168-->[androidx.credentials:credentials-play-services-auth:1.2.0-rc01] AndroidManifest.xml:25:13-94
169            android:enabled="true"
169-->[androidx.credentials:credentials-play-services-auth:1.2.0-rc01] AndroidManifest.xml:26:13-35
170            android:exported="false" >
170-->[androidx.credentials:credentials-play-services-auth:1.2.0-rc01] AndroidManifest.xml:27:13-37
171            <meta-data
171-->[androidx.credentials:credentials-play-services-auth:1.2.0-rc01] AndroidManifest.xml:29:13-31:104
172                android:name="androidx.credentials.CREDENTIAL_PROVIDER_KEY"
172-->[androidx.credentials:credentials-play-services-auth:1.2.0-rc01] AndroidManifest.xml:30:17-76
173                android:value="androidx.credentials.playservices.CredentialProviderPlayServicesImpl" />
173-->[androidx.credentials:credentials-play-services-auth:1.2.0-rc01] AndroidManifest.xml:31:17-101
174        </service>
175
176        <activity
176-->[androidx.credentials:credentials-play-services-auth:1.2.0-rc01] AndroidManifest.xml:34:9-41:20
177            android:name="androidx.credentials.playservices.HiddenActivity"
177-->[androidx.credentials:credentials-play-services-auth:1.2.0-rc01] AndroidManifest.xml:35:13-76
178            android:configChanges="orientation|screenSize|screenLayout|keyboardHidden"
178-->[androidx.credentials:credentials-play-services-auth:1.2.0-rc01] AndroidManifest.xml:36:13-87
179            android:enabled="true"
179-->[androidx.credentials:credentials-play-services-auth:1.2.0-rc01] AndroidManifest.xml:37:13-35
180            android:exported="false"
180-->[androidx.credentials:credentials-play-services-auth:1.2.0-rc01] AndroidManifest.xml:38:13-37
181            android:fitsSystemWindows="true"
181-->[androidx.credentials:credentials-play-services-auth:1.2.0-rc01] AndroidManifest.xml:39:13-45
182            android:theme="@style/Theme.Hidden" >
182-->[androidx.credentials:credentials-play-services-auth:1.2.0-rc01] AndroidManifest.xml:40:13-48
183        </activity>
184        <activity
184-->[com.google.android.gms:play-services-auth:20.7.0] AndroidManifest.xml:23:9-27:75
185            android:name="com.google.android.gms.auth.api.signin.internal.SignInHubActivity"
185-->[com.google.android.gms:play-services-auth:20.7.0] AndroidManifest.xml:24:13-93
186            android:excludeFromRecents="true"
186-->[com.google.android.gms:play-services-auth:20.7.0] AndroidManifest.xml:25:13-46
187            android:exported="false"
187-->[com.google.android.gms:play-services-auth:20.7.0] AndroidManifest.xml:26:13-37
188            android:theme="@android:style/Theme.Translucent.NoTitleBar" />
188-->[com.google.android.gms:play-services-auth:20.7.0] AndroidManifest.xml:27:13-72
189        <!--
190            Service handling Google Sign-In user revocation. For apps that do not integrate with
191            Google Sign-In, this service will never be started.
192        -->
193        <service
193-->[com.google.android.gms:play-services-auth:20.7.0] AndroidManifest.xml:33:9-37:51
194            android:name="com.google.android.gms.auth.api.signin.RevocationBoundService"
194-->[com.google.android.gms:play-services-auth:20.7.0] AndroidManifest.xml:34:13-89
195            android:exported="true"
195-->[com.google.android.gms:play-services-auth:20.7.0] AndroidManifest.xml:35:13-36
196            android:permission="com.google.android.gms.auth.api.signin.permission.REVOCATION_NOTIFICATION"
196-->[com.google.android.gms:play-services-auth:20.7.0] AndroidManifest.xml:36:13-107
197            android:visibleToInstantApps="true" />
197-->[com.google.android.gms:play-services-auth:20.7.0] AndroidManifest.xml:37:13-48
198
199        <activity
199-->[com.google.android.gms:play-services-base:18.1.0] AndroidManifest.xml:20:9-22:45
200            android:name="com.google.android.gms.common.api.GoogleApiActivity"
200-->[com.google.android.gms:play-services-base:18.1.0] AndroidManifest.xml:20:19-85
201            android:exported="false"
201-->[com.google.android.gms:play-services-base:18.1.0] AndroidManifest.xml:22:19-43
202            android:theme="@android:style/Theme.Translucent.NoTitleBar" />
202-->[com.google.android.gms:play-services-base:18.1.0] AndroidManifest.xml:21:19-78
203    </application>
204
205</manifest>